This is XeTeX, Version 3.141592653-2.6-0.999993 (TeX Live 2021/Arch Linux) (preloaded format=xelatex 2022.1.9)  23 JAN 2022 16:36
entering extended mode
 restricted \write18 enabled.
 %&-line parsing enabled.
**plan.dot
(./plan.dot
LaTeX2e <2021-11-15> patch level 1
L3 programming layer <2021-11-22>

! LaTeX Error: Missing \begin{document}.

See the LaTeX manual or LaTeX Companion for explanation.
Type  H <return>  for immediate help.
 ...                                              
                                                  
l.1 d
     igraph {
? x
 
Here is how much of TeX's memory you used:
 17 strings out of 476257
 422 string characters out of 5816920
 305121 words of memory out of 5000000
 20788 multiletter control sequences out of 15000+600000
 403430 words of font info for 27 fonts, out of 8000000 for 9000
 1348 hyphenation exceptions out of 8191
 12i,0n,12p,50b,14s stack positions out of 5000i,500n,10000p,200000b,80000s
No pages of output.
